Using pre-set license
Built from '2020.3/staging' branch; Version is '2020.3.17f1 (a4537701e4ab) revision 10769271'; Using compiler version '192528614'; Build Type 'Release'
OS: 'Windows 10 Home; OS build 19043.1165; Version 2009; 64bit' Language: 'en' Physical Memory: 16331 MB
BatchMode: 1, IsHumanControllingUs: 0, StartBugReporterOnCrash: 0, Is64bit: 1, IsPro: 0

COMMAND LINE ARGUMENTS:
C:\Program Files\Unity\Hub\Editor\2020.3.17f1\Editor\Unity.exe
-adb2
-batchMode
-noUpm
-name
AssetImportWorker0
-projectPath
F:/UnityProjects/Lab1 - BobbleHeadWars
-logFile
Logs/AssetImportWorker0.log
-srvPort
60463
Successfully changed project path to: F:/UnityProjects/Lab1 - BobbleHeadWars
F:/UnityProjects/Lab1 - BobbleHeadWars
Using Asset Import Pipeline V2.
Refreshing native plugins compatible for Editor in 61.95 ms, found 2 plugins.
Preloading 0 native plugins for Editor in 0.00 ms.
Initialize engine version: 2020.3.17f1 (a4537701e4ab)
[Subsystems] Discovering subsystems at path C:/Program Files/Unity/Hub/Editor/2020.3.17f1/Editor/Data/Resources/UnitySubsystems
[Subsystems] Discovering subsystems at path F:/UnityProjects/Lab1 - BobbleHeadWars/Assets
GfxDevice: creating device client; threaded=0
Direct3D:
    Version:  Direct3D 11.0 [level 11.1]
    Renderer: NVIDIA GeForce RTX 3070 (ID=0x2484)
    Vendor:   
    VRAM:     8043 MB
    Driver:   30.0.14.7196
Initialize mono
Mono path[0] = 'C:/Program Files/Unity/Hub/Editor/2020.3.17f1/Editor/Data/Managed'
Mono path[1] = 'C:/Program Files/Unity/Hub/Editor/2020.3.17f1/Editor/Data/MonoBleedingEdge/lib/mono/unityjit'
Mono config path = 'C:/Program Files/Unity/Hub/Editor/2020.3.17f1/Editor/Data/MonoBleedingEdge/etc'
Using monoOptions --debugger-agent=transport=dt_socket,embedding=1,server=y,suspend=n,address=127.0.0.1:56524
Begin MonoManager ReloadAssembly
Registering precompiled unity dll's ...
Register platform support module: C:/Program Files/Unity/Hub/Editor/2020.3.17f1/Editor/Data/PlaybackEngines/WindowsStandaloneSupport/UnityEditor.WindowsStandalone.Extensions.dll
Registered in 0.003004 seconds.
Native extension for WindowsStandalone target not found
Refreshing native plugins compatible for Editor in 51.77 ms, found 2 plugins.
Preloading 0 native plugins for Editor in 0.00 ms.
Mono: successfully reloaded assembly
- Completed reload, in  1.509 seconds
Domain Reload Profiling:
	ReloadAssembly (1509ms)
		BeginReloadAssembly (68ms)
			ExecutionOrderSort (0ms)
			DisableScriptedObjects (0ms)
			BackupInstance (0ms)
			ReleaseScriptingObjects (0ms)
			CreateAndSetChildDomain (1ms)
		EndReloadAssembly (517ms)
			LoadAssemblies (64ms)
			RebuildTransferFunctionScriptingTraits (0ms)
			SetupTypeCache (182ms)
			ReleaseScriptCaches (0ms)
			RebuildScriptCaches (36ms)
			SetupLoadedEditorAssemblies (210ms)
				LogAssemblyErrors (0ms)
				InitializePlatformSupportModulesInManaged (5ms)
				SetLoadedEditorAssemblies (0ms)
				RefreshPlugins (52ms)
				BeforeProcessingInitializeOnLoad (20ms)
				ProcessInitializeOnLoadAttributes (96ms)
				ProcessInitializeOnLoadMethodAttributes (37ms)
				AfterProcessingInitializeOnLoad (0ms)
				EditorAssembliesLoaded (0ms)
			ExecutionOrderSort2 (0ms)
			AwakeInstancesAfterBackupRestoration (0ms)
Platform modules already initialized, skipping
Registering precompiled user dll's ...
Registered in 0.006935 seconds.
Begin MonoManager ReloadAssembly
Native extension for WindowsStandalone target not found
Refreshing native plugins compatible for Editor in 0.82 ms, found 2 plugins.
Preloading 0 native plugins for Editor in 0.00 ms.
Mono: successfully reloaded assembly
- Completed reload, in  1.442 seconds
Domain Reload Profiling:
	ReloadAssembly (1443ms)
		BeginReloadAssembly (177ms)
			ExecutionOrderSort (0ms)
			DisableScriptedObjects (6ms)
			BackupInstance (0ms)
			ReleaseScriptingObjects (0ms)
			CreateAndSetChildDomain (21ms)
		EndReloadAssembly (1184ms)
			LoadAssemblies (127ms)
			RebuildTransferFunctionScriptingTraits (0ms)
			SetupTypeCache (340ms)
			ReleaseScriptCaches (1ms)
			RebuildScriptCaches (53ms)
			SetupLoadedEditorAssemblies (545ms)
				LogAssemblyErrors (0ms)
				InitializePlatformSupportModulesInManaged (6ms)
				SetLoadedEditorAssemblies (1ms)
				RefreshPlugins (1ms)
				BeforeProcessingInitializeOnLoad (109ms)
				ProcessInitializeOnLoadAttributes (375ms)
				ProcessInitializeOnLoadMethodAttributes (43ms)
				AfterProcessingInitializeOnLoad (10ms)
				EditorAssembliesLoaded (0ms)
			ExecutionOrderSort2 (0ms)
			AwakeInstancesAfterBackupRestoration (12ms)
Platform modules already initialized, skipping
========================================================================
Worker process is ready to serve import requests
Launched and connected shader compiler UnityShaderCompiler.exe after 0.07 seconds
Refreshing native plugins compatible for Editor in 0.76 ms, found 2 plugins.
Preloading 0 native plugins for Editor in 0.00 ms.
Unloading 1967 Unused Serialized files (Serialized files now loaded: 0)
System memory in use before: 81.0 MB.
System memory in use after: 81.1 MB.

Unloading 58 unused Assets to reduce memory usage. Loaded Objects now: 2371.
Total: 7.811400 ms (FindLiveObjects: 0.241600 ms CreateObjectMapping: 0.069600 ms MarkObjects: 7.390800 ms  DeleteObjects: 0.106600 ms)

AssetImportParameters requested are different than current active one (requested -> active):
  custom:framework-win-MediaFoundation: 216162199b28c13a410421893ffa2e32 -> 
  custom:video-decoder-ogg-theora: a1e56fd34408186e4bbccfd4996cb3dc -> 
  custom:container-muxer-webm: aa71ff27fc2769a1b78a27578f13a17b -> 
  custom:container-demuxer-webm: 4f35f7cbe854078d1ac9338744f61a02 -> 
  custom:container-demuxer-ogg: 62fdf1f143b41e24485cea50d1cbac27 -> 
  custom:video-encoder-webm-vp8: eb34c28f22e8b96e1ab97ce403110664 -> 
  custom:video-decoder-webm-vp8: 9c59270c3fd7afecdb556c50c9e8de78 -> 
  custom:audio-decoder-ogg-vorbis: bf7c407c2cedff20999df2af8eb42d56 -> 
  custom:audio-encoder-webm-vorbis: bf7c407c2cedff20999df2af8eb42d56 -> 
========================================================================
Received Import Request.
  path: Assets/Models/BobbleEnemy-Body.blend
  artifactKey: Guid(7df968ec880694920bcb46964b9d62a4) Importer(815301076,1909f56bfc062723c751e8b465ee728b)
Start importing Assets/Models/BobbleEnemy-Body.blend using Guid(7df968ec880694920bcb46964b9d62a4) Importer(815301076,1909f56bfc062723c751e8b465ee728b)  -> (artifact id: '3981d21d481f35dbd508277fd4cf4a31') in 0.037905 seconds 
  Import took 0.041474 seconds .

========================================================================
Received Import Request.
  Time since last request: 39.318948 seconds.
  path: Assets/Prefabs/AlienDeathParticles.prefab
  artifactKey: Guid(81ee2dd3cdadcf64a8e5b8815810c463) Importer(815301076,1909f56bfc062723c751e8b465ee728b)
Start importing Assets/Prefabs/AlienDeathParticles.prefab using Guid(81ee2dd3cdadcf64a8e5b8815810c463) Importer(815301076,1909f56bfc062723c751e8b465ee728b)  -> (artifact id: '60851336cb2f9e397d97feb4639ec7ec') in 0.130593 seconds 
  Import took 0.134253 seconds .

========================================================================
Received Import Request.
  Time since last request: 0.000189 seconds.
  path: Assets/Prefabs/Pickup.prefab
  artifactKey: Guid(941d6224549424c91b1cf112b44ec0cb) Importer(815301076,1909f56bfc062723c751e8b465ee728b)
Start importing Assets/Prefabs/Pickup.prefab using Guid(941d6224549424c91b1cf112b44ec0cb) Importer(815301076,1909f56bfc062723c751e8b465ee728b)  -> (artifact id: '9675fdada1665fff5b1ac18d8c64ca8e') in 0.232761 seconds 
  Import took 0.236382 seconds .

========================================================================
Received Import Request.
  Time since last request: 0.000343 seconds.
  path: Assets/Prefabs/MarineDeathParticles.prefab
  artifactKey: Guid(166b5f35267b23d418446eb9650c0efc) Importer(815301076,1909f56bfc062723c751e8b465ee728b)
Start importing Assets/Prefabs/MarineDeathParticles.prefab using Guid(166b5f35267b23d418446eb9650c0efc) Importer(815301076,1909f56bfc062723c751e8b465ee728b)  -> (artifact id: '23557d8765481be05e67e88fc7cea0fc') in 0.015763 seconds 
  Import took 0.019481 seconds .

========================================================================
Received Import Request.
  Time since last request: 11.766844 seconds.
  path: Assets/Materials/Import/Bobble Wars Enemy texture 1.mat
  artifactKey: Guid(997998f6f692241fe99d3882821e35bd) Importer(815301076,1909f56bfc062723c751e8b465ee728b)
Start importing Assets/Materials/Import/Bobble Wars Enemy texture 1.mat using Guid(997998f6f692241fe99d3882821e35bd) Importer(815301076,1909f56bfc062723c751e8b465ee728b)  -> (artifact id: 'ef99d009e391585c4799f91f72bca7fa') in 0.036229 seconds 
  Import took 0.039683 seconds .

========================================================================
Received Import Request.
  Time since last request: 0.000196 seconds.
  path: Assets/Materials/Import/BobbleArena-Column-Main_Material.mat
  artifactKey: Guid(67093b36b8fd241d2bcdc6c4a3cdf6fb) Importer(815301076,1909f56bfc062723c751e8b465ee728b)
Start importing Assets/Materials/Import/BobbleArena-Column-Main_Material.mat using Guid(67093b36b8fd241d2bcdc6c4a3cdf6fb) Importer(815301076,1909f56bfc062723c751e8b465ee728b)  -> (artifact id: '4bc5899159472c24794019e939013cdd') in 0.014653 seconds 
  Import took 0.017725 seconds .

========================================================================
Received Import Request.
  Time since last request: 0.000210 seconds.
  path: Assets/Materials/Import/Bobble Wars Marine texture 11.mat
  artifactKey: Guid(6054ff1ae8df24c0eb3d7b00c57318ad) Importer(815301076,1909f56bfc062723c751e8b465ee728b)
Start importing Assets/Materials/Import/Bobble Wars Marine texture 11.mat using Guid(6054ff1ae8df24c0eb3d7b00c57318ad) Importer(815301076,1909f56bfc062723c751e8b465ee728b)  -> (artifact id: '68aa90b4b9da0ff6c7fdc767acaff95d') in 0.027114 seconds 
  Import took 0.030457 seconds .

========================================================================
Received Import Request.
  Time since last request: 0.000196 seconds.
  path: Assets/Materials/Import/BobbleArena-Material.mat
  artifactKey: Guid(00588df76d7ef4d21a9602d137b5a199) Importer(815301076,1909f56bfc062723c751e8b465ee728b)
Start importing Assets/Materials/Import/BobbleArena-Material.mat using Guid(00588df76d7ef4d21a9602d137b5a199) Importer(815301076,1909f56bfc062723c751e8b465ee728b)  -> (artifact id: '1d253bf669a88920ba144a3408611d73') in 0.029847 seconds 
  Import took 0.033817 seconds .

========================================================================
Received Import Request.
  Time since last request: 0.000211 seconds.
  path: Assets/Materials/Import/Bobble Wars Enemy texture.mat
  artifactKey: Guid(6ba8616884eb54745bd33315e7a91ebd) Importer(815301076,1909f56bfc062723c751e8b465ee728b)
Start importing Assets/Materials/Import/Bobble Wars Enemy texture.mat using Guid(6ba8616884eb54745bd33315e7a91ebd) Importer(815301076,1909f56bfc062723c751e8b465ee728b)  -> (artifact id: '022d3af0eea50620a095e5216101cc92') in 0.015699 seconds 
  Import took 0.019110 seconds .

========================================================================
Received Import Request.
  Time since last request: 0.000175 seconds.
  path: Assets/Materials/Import/Bobble Wars Marine texture 6.mat
  artifactKey: Guid(83ea1bb525d7244e98e6e3f4da87c55f) Importer(815301076,1909f56bfc062723c751e8b465ee728b)
Start importing Assets/Materials/Import/Bobble Wars Marine texture 6.mat using Guid(83ea1bb525d7244e98e6e3f4da87c55f) Importer(815301076,1909f56bfc062723c751e8b465ee728b)  -> (artifact id: '2c4ddbbf9bb6fec2c91fef82d61de2d5') in 0.022349 seconds 
  Import took 0.025708 seconds .

========================================================================
Received Import Request.
  Time since last request: 0.000225 seconds.
  path: Assets/Materials/Import/Bobble Wars Marine texture 8.mat
  artifactKey: Guid(ab2ae8b93cf3b497982e598002c35d59) Importer(815301076,1909f56bfc062723c751e8b465ee728b)
Start importing Assets/Materials/Import/Bobble Wars Marine texture 8.mat using Guid(ab2ae8b93cf3b497982e598002c35d59) Importer(815301076,1909f56bfc062723c751e8b465ee728b)  -> (artifact id: '25a3fd218482989523709cc90b4e9c68') in 0.019613 seconds 
  Import took 0.022772 seconds .

========================================================================
Received Import Request.
  Time since last request: 0.000253 seconds.
  path: Assets/Materials/Import/Bobble Wars Marine texture 1.mat
  artifactKey: Guid(4cbec73ed3a914660a06a95ba8194070) Importer(815301076,1909f56bfc062723c751e8b465ee728b)
Start importing Assets/Materials/Import/Bobble Wars Marine texture 1.mat using Guid(4cbec73ed3a914660a06a95ba8194070) Importer(815301076,1909f56bfc062723c751e8b465ee728b)  -> (artifact id: '7f896d5c5988090b87b0df242ec4242a') in 0.044175 seconds 
  Import took 0.047556 seconds .

========================================================================
Received Import Request.
  Time since last request: 0.000206 seconds.
  path: Assets/Materials/Import/Bobble Wars Marine texture 2.mat
  artifactKey: Guid(84744ef95e5d94195b26a56feafcbeca) Importer(815301076,1909f56bfc062723c751e8b465ee728b)
Start importing Assets/Materials/Import/Bobble Wars Marine texture 2.mat using Guid(84744ef95e5d94195b26a56feafcbeca) Importer(815301076,1909f56bfc062723c751e8b465ee728b)  -> (artifact id: 'bf8d884947358e29f985b578c674292d') in 0.015750 seconds 
  Import took 0.019176 seconds .

========================================================================
Received Import Request.
  Time since last request: 0.000225 seconds.
  path: Assets/Materials/Import/Bobble Wars Marine texture 10.mat
  artifactKey: Guid(0d79c85e355fd4eff9a57a053d908cd9) Importer(815301076,1909f56bfc062723c751e8b465ee728b)
Start importing Assets/Materials/Import/Bobble Wars Marine texture 10.mat using Guid(0d79c85e355fd4eff9a57a053d908cd9) Importer(815301076,1909f56bfc062723c751e8b465ee728b)  -> (artifact id: '3c46f64413d7159e05767dc60180722d') in 0.024101 seconds 
  Import took 0.027924 seconds .

========================================================================
Received Import Request.
  Time since last request: 0.000230 seconds.
  path: Assets/Materials/Import/BobbleArena-Main Texture.mat
  artifactKey: Guid(578c991fd886f4f9a95eb8a6c2f43608) Importer(815301076,1909f56bfc062723c751e8b465ee728b)
Start importing Assets/Materials/Import/BobbleArena-Main Texture.mat using Guid(578c991fd886f4f9a95eb8a6c2f43608) Importer(815301076,1909f56bfc062723c751e8b465ee728b)  -> (artifact id: '49290c65fef8038155ad9ca184eff5c2') in 0.018838 seconds 
  Import took 0.022287 seconds .

========================================================================
Received Import Request.
  Time since last request: 0.000255 seconds.
  path: Assets/Materials/Import/Bobble Wars Marine texture 7.mat
  artifactKey: Guid(092aa57f97486468ea08171b8ae5efb6) Importer(815301076,1909f56bfc062723c751e8b465ee728b)
Start importing Assets/Materials/Import/Bobble Wars Marine texture 7.mat using Guid(092aa57f97486468ea08171b8ae5efb6) Importer(815301076,1909f56bfc062723c751e8b465ee728b)  -> (artifact id: 'dae50e8ba50d37f22d6bb986c022b6a9') in 0.015914 seconds 
  Import took 0.019016 seconds .

========================================================================
Received Import Request.
  Time since last request: 0.000175 seconds.
  path: Assets/Materials/Import/BobbleArena-Column-Main_Material__Bobble_Wars_Marine_texture_psd.mat
  artifactKey: Guid(c04633bb19f6443ad9f1af0f3443925e) Importer(815301076,1909f56bfc062723c751e8b465ee728b)
Start importing Assets/Materials/Import/BobbleArena-Column-Main_Material__Bobble_Wars_Marine_texture_psd.mat using Guid(c04633bb19f6443ad9f1af0f3443925e) Importer(815301076,1909f56bfc062723c751e8b465ee728b)  -> (artifact id: '0e0325dd965ffcf490a737e44ee66a84') in 0.016334 seconds 
  Import took 0.019859 seconds .

========================================================================
Received Import Request.
  Time since last request: 0.000202 seconds.
  path: Assets/Materials/Import/Bobble Wars Marine texture 4.mat
  artifactKey: Guid(15c44105e03144432841c106bfc6aeb6) Importer(815301076,1909f56bfc062723c751e8b465ee728b)
Start importing Assets/Materials/Import/Bobble Wars Marine texture 4.mat using Guid(15c44105e03144432841c106bfc6aeb6) Importer(815301076,1909f56bfc062723c751e8b465ee728b)  -> (artifact id: 'ccb34042243a741e6301c504f6340477') in 0.014037 seconds 
  Import took 0.017373 seconds .

========================================================================
Received Import Request.
  Time since last request: 0.000213 seconds.
  path: Assets/Materials/Import/Bobble Wars Marine texture 5.mat
  artifactKey: Guid(a323b00f2c0aa4b3191e6bce6ec48265) Importer(815301076,1909f56bfc062723c751e8b465ee728b)
Start importing Assets/Materials/Import/Bobble Wars Marine texture 5.mat using Guid(a323b00f2c0aa4b3191e6bce6ec48265) Importer(815301076,1909f56bfc062723c751e8b465ee728b)  -> (artifact id: '6cfdf3ea5d28a658e1a78a97e3b63bf2') in 0.014459 seconds 
  Import took 0.018342 seconds .

========================================================================
Received Import Request.
  Time since last request: 0.000260 seconds.
  path: Assets/Materials/Import/Bobble Wars Marine texture 9.mat
  artifactKey: Guid(d91b8968d8e0a4ef8a2b8fbe40b52eed) Importer(815301076,1909f56bfc062723c751e8b465ee728b)
Start importing Assets/Materials/Import/Bobble Wars Marine texture 9.mat using Guid(d91b8968d8e0a4ef8a2b8fbe40b52eed) Importer(815301076,1909f56bfc062723c751e8b465ee728b)  -> (artifact id: 'f063dca049e0f8d586dacebc65a763f9') in 0.014755 seconds 
  Import took 0.018333 seconds .

========================================================================
Received Import Request.
  Time since last request: 0.000249 seconds.
  path: Assets/Materials/Import/Bobble Wars Marine texture 3.mat
  artifactKey: Guid(8b599b919d555417d9715e5077fbb4d1) Importer(815301076,1909f56bfc062723c751e8b465ee728b)
Start importing Assets/Materials/Import/Bobble Wars Marine texture 3.mat using Guid(8b599b919d555417d9715e5077fbb4d1) Importer(815301076,1909f56bfc062723c751e8b465ee728b)  -> (artifact id: '33438fba9875bce552b6bdeb6ab93d18') in 0.015115 seconds 
  Import took 0.018853 seconds .

AssetImportWorkerClient::OnTransportError - code=2 error=End of file
